<?xml version="1.0" encoding="UTF-8"?>
<!-- Generated by org.testng.reporters.JUnitXMLReporter -->
<testsuite hostname="DESKTOP-CE63HLM" ignored="1" name="Default test" tests="1" failures="0" timestamp="2021-10-29T16:49:03 IST" time="50.327" errors="0">
  <testcase name="validateContactSalesForm" time="26.83" classname="com.testingshastra.uitests.homepagetests.ContactSalesTest"/>
  <testcase name="verifyTitleOfContactSales" time="0.0" classname="com.testingshastra.uitests.homepagetests.ContactSalesTest">
    <ignored/>
  </testcase> <!-- verifyTitleOfContactSales -->
</testsuite> <!-- Default test -->
