<?xml version="1.0" encoding="UTF-8"?>
<!-- Generated by org.testng.reporters.JUnitXMLReporter -->
<testsuite hostname="DESKTOP-CE63HLM" ignored="1" name="Default test" tests="1" failures="0" timestamp="2021-10-24T10:34:34 IST" time="22.998" errors="0">
  <testcase name="verifyUserRedirectsToJoinMeetingPage" time="12.903" classname="com.testingshastra.uitests.homepagetests.HomePageTests"/>
  <testcase name="printAllInfoLinks" time="0.0" classname="com.testingshastra.uitests.homepagetests.HomePageTests">
    <ignored/>
  </testcase> <!-- printAllInfoLinks -->
</testsuite> <!-- Default test -->
