<?xml version="1.0" encoding="UTF-8"?>
<!-- Generated by org.testng.reporters.JUnitXMLReporter -->
<testsuite hostname="DESKTOP-CE63HLM" ignored="0" name="Test" tests="2" failures="0" timestamp="2021-10-16T09:56:41 IST" time="39.203" errors="0">
  <testcase name="verifyTitleOfHomePage" time="17.498" classname="com.testingshastra.uitests.homepagetests.HomePageTests"/>
  <testcase name="validateFirstNameFieldForCorrectInput" time="10.461" classname="com.testingshastra.uitests.homepagetests.SignUpTest"/>
</testsuite> <!-- Test -->
