<?xml version="1.0" encoding="UTF-8"?>
<testng-results skipped="0" failed="0" ignored="1" total="2" passed="1">
  <reporter-output>
  </reporter-output>
  <suite name="Default suite" duration-ms="50327" started-at="2021-10-29T16:48:12 IST" finished-at="2021-10-29T16:49:03 IST">
    <groups>
    </groups>
    <test name="Default test" duration-ms="50327" started-at="2021-10-29T16:48:12 IST" finished-at="2021-10-29T16:49:03 IST">
      <class name="com.testingshastra.uitests.homepagetests.ContactSalesTest">
        <test-method status="PASS" signature="setup()[pri:0, instance:com.testingshastra.uitests.homepagetests.ContactSalesTest@4524411f]" name="setup" is-config="true" duration-ms="21261" started-at="2021-10-29T16:48:13 IST" finished-at="2021-10-29T16:48:34 IST">
          <reporter-output>
          </reporter-output>
        </test-method> <!-- setup -->
        <test-method status="PASS" signature="validateContactSalesForm()[pri:0, instance:com.testingshastra.uitests.homepagetests.ContactSalesTest@4524411f]" name="validateContactSalesForm" duration-ms="26830" started-at="2021-10-29T16:48:34 IST" finished-at="2021-10-29T16:49:01 IST">
          <reporter-output>
          </reporter-output>
        </test-method> <!-- validateContactSalesForm -->
        <test-method status="PASS" signature="tearDown()[pri:0, instance:com.testingshastra.uitests.homepagetests.ContactSalesTest@4524411f]" name="tearDown" is-config="true" duration-ms="2160" started-at="2021-10-29T16:49:01 IST" finished-at="2021-10-29T16:49:03 IST">
          <reporter-output>
          </reporter-output>
        </test-method> <!-- tearDown -->
      </class> <!-- com.testingshastra.uitests.homepagetests.ContactSalesTest -->
    </test> <!-- Default test -->
  </suite> <!-- Default suite -->
</testng-results>
